=======================================================================================

        __    _                  ____       _       ________              __
       / /   (_)___  __  ___  __/ __ \_____(_)   __/ ____/ /_  ___  _____/ /_____  _____
      / /   / / __ \/ / / / |/_/ /_/ / ___/ / | / / /   / __ \/ _ \/ ___/ //_/ _ \/ ___/
     / /___/ / / / / /_/ />  </ ____/ /  / /| |/ / /___/ / / /  __/ /__/ ,< /  __/ /
    /_____/_/_/ /_/\__,_/_/|_/_/   /_/  /_/ |___/\____/_/ /_/\___/\___/_/|_|\___/_/

    
=======================================================================================

[*] ENUMERATING USER AND ENVIRONMENTAL INFO...

[+] List out any screens running for the current user
    No Sockets found in /run/screen/S-root.
[+] Logged in User Activity
    system boot  2023-04-05 21:40
    LOGIN      tty1         2023-04-05 21:40               683 id=tty1
    run-level 5  2023-04-05 21:40
    root     + tty7         2023-04-05 21:40  old         1150 (:0)
    root     + pts/0        2023-04-05 21:40   .          1854 (10.14.140.221)
    root     + pts/1        2023-04-05 21:41  old         1879 (tmux(1879).%0)
    root     + pts/2        2023-04-05 21:41  old         1879 (tmux(1879).%1)
    root     + pts/3        2023-04-05 21:41   .          1879 (tmux(1879).%2)
    root     + pts/4        2023-04-05 21:41  old         1879 (tmux(1879).%3)
[+] Super Users Found:
    root
[+] Environment
    LESS_TERMCAP_se=[0m
    POWERSHELL_TELEMETRY_OPTOUT=1
    TMUX=/tmp/tmux-0/default,1879,0
    LESS_TERMCAP_ue=[0m
    SSH_CLIENT=10.14.140.221 1062 22
    USER=root
    DOTNET_CLI_TELEMETRY_OPTOUT=1
    XDG_SESSION_TYPE=tty
    SHLVL=2
    HOME=/root
    MOTD_SHOWN=pam
    OLDPWD=/tmp/exploits
    SSH_TTY=/dev/pts/0
    TERM_PROGRAM_VERSION=3.2a
    LESS_TERMCAP_so=[01;33m
    DBUS_SESSION_BUS_ADDRESS=unix:path=/run/user/0/bus
    GOROOT=/usr/local/go
    COMMAND_NOT_FOUND_INSTALL_PROMPT=1
    LOGNAME=root
    LESS_TERMCAP_us=[1;32m
    _=/usr/bin/python2
    XDG_SESSION_CLASS=user
    TERM=screen
    XDG_SESSION_ID=5
    PATH=/root/Desktop/Tool/venv_python3/bin:/root/go/bin:/usr/local/go/bin:/root/.local/bin:/usr/local/sbin:/usr/local/bin:/usr/sbin:/usr/bin:/sbin:/bin:/root/.dotnet/tools:/root/go/bin
    XDG_RUNTIME_DIR=/run/user/0
    LANG=en_US.UTF-8
    TERM_PROGRAM=tmux
    GOPATH=/root/go
    SHELL=/usr/bin/zsh
    LESS_TERMCAP_mb=[1;31m
    LESS_TERMCAP_md=[1;36m
    VIRTUAL_ENV=/root/Desktop/Tool/venv_python3
    LESS_TERMCAP_me=[0m
    PWD=/root/Desktop/Tool/linux
    SSH_CONNECTION=10.14.140.221 1062 10.14.140.120 22
    TMUX_PANE=%2
[+] Sudoers (privileged)
    Defaults	env_reset
    Defaults	mail_badpass
    Defaults	secure_path="/usr/local/sbin:/usr/local/bin:/usr/sbin:/usr/bin:/sbin:/bin"
    root	ALL=(ALL:ALL) ALL
    %sudo	ALL=(ALL:ALL) ALL
    @includedir /etc/sudoers.d
[+] All users
    root:x:0:0:root:/root:/usr/bin/zsh
    daemon:x:1:1:daemon:/usr/sbin:/usr/sbin/nologin
    bin:x:2:2:bin:/bin:/usr/sbin/nologin
    sys:x:3:3:sys:/dev:/usr/sbin/nologin
    sync:x:4:65534:sync:/bin:/bin/sync
    games:x:5:60:games:/usr/games:/usr/sbin/nologin
    man:x:6:12:man:/var/cache/man:/usr/sbin/nologin
    lp:x:7:7:lp:/var/spool/lpd:/usr/sbin/nologin
    mail:x:8:8:mail:/var/mail:/usr/sbin/nologin
    news:x:9:9:news:/var/spool/news:/usr/sbin/nologin
    uucp:x:10:10:uucp:/var/spool/uucp:/usr/sbin/nologin
    proxy:x:13:13:proxy:/bin:/usr/sbin/nologin
    www-data:x:33:33:www-data:/var/www:/usr/sbin/nologin
    backup:x:34:34:backup:/var/backups:/usr/sbin/nologin
    list:x:38:38:Mailing List Manager:/var/list:/usr/sbin/nologin
    irc:x:39:39:ircd:/run/ircd:/usr/sbin/nologin
    gnats:x:41:41:Gnats Bug-Reporting System (admin):/var/lib/gnats:/usr/sbin/nologin
    nobody:x:65534:65534:nobody:/nonexistent:/usr/sbin/nologin
    _apt:x:100:65534::/nonexistent:/usr/sbin/nologin
    systemd-timesync:x:101:101:systemd Time Synchronization,,,:/run/systemd:/usr/sbin/nologin
    systemd-network:x:102:103:systemd Network Management,,,:/run/systemd:/usr/sbin/nologin
    systemd-resolve:x:103:104:systemd Resolver,,,:/run/systemd:/usr/sbin/nologin
    mysql:x:104:110:MySQL Server,,,:/nonexistent:/bin/false
    tss:x:105:111:TPM software stack,,,:/var/lib/tpm:/bin/false
    strongswan:x:106:65534::/var/lib/strongswan:/usr/sbin/nologin
    ntp:x:107:112::/nonexistent:/usr/sbin/nologin
    messagebus:x:108:113::/nonexistent:/usr/sbin/nologin
    redsocks:x:109:114::/var/run/redsocks:/usr/sbin/nologin
    rwhod:x:110:65534::/var/spool/rwho:/usr/sbin/nologin
    iodine:x:111:65534::/run/iodine:/usr/sbin/nologin
    miredo:x:112:65534::/var/run/miredo:/usr/sbin/nologin
    _rpc:x:113:65534::/run/rpcbind:/usr/sbin/nologin
    usbmux:x:114:46:usbmux daemon,,,:/var/lib/usbmux:/usr/sbin/nologin
    tcpdump:x:115:121::/nonexistent:/usr/sbin/nologin
    rtkit:x:116:122:RealtimeKit,,,:/proc:/usr/sbin/nologin
    sshd:x:117:65534::/run/sshd:/usr/sbin/nologin
    statd:x:118:65534::/var/lib/nfs:/usr/sbin/nologin
    postgres:x:119:124:PostgreSQL administrator,,,:/var/lib/postgresql:/bin/bash
    avahi:x:120:126:Avahi mDNS daemon,,,:/run/avahi-daemon:/usr/sbin/nologin
    stunnel4:x:121:127::/var/run/stunnel4:/usr/sbin/nologin
    Debian-snmp:x:122:128::/var/lib/snmp:/bin/false
    speech-dispatcher:x:123:29:Speech Dispatcher,,,:/run/speech-dispatcher:/bin/false
    sslh:x:124:129::/nonexistent:/usr/sbin/nologin
    nm-openvpn:x:125:130:NetworkManager OpenVPN,,,:/var/lib/openvpn/chroot:/usr/sbin/nologin
    nm-openconnect:x:126:131:NetworkManager OpenConnect plugin,,,:/var/lib/NetworkManager:/usr/sbin/nologin
    pulse:x:127:132:PulseAudio daemon,,,:/run/pulse:/usr/sbin/nologin
    saned:x:128:135::/var/lib/saned:/usr/sbin/nologin
    inetsim:x:129:137::/var/lib/inetsim:/usr/sbin/nologin
    lightdm:x:130:138:Light Display Manager:/var/lib/lightdm:/bin/false
    colord:x:131:139:colord colour management daemon,,,:/var/lib/colord:/usr/sbin/nologin
    geoclue:x:132:140::/var/lib/geoclue:/usr/sbin/nologin
    king-phisher:x:133:141::/var/lib/king-phisher:/usr/sbin/nologin
    kali:x:1000:1000:Kali,,,:/home/kali:/usr/bin/zsh
    systemd-coredump:x:999:999:systemd Core Dumper:/:/usr/sbin/nologin
    vboxadd:x:998:1::/var/run/vboxadd:/bin/false
    debian-tor:x:134:144::/var/lib/tor:/bin/false
    polkitd:x:997:997:polkit:/var/lib/polkit-1:/usr/sbin/nologin
    ftpuser:x:1001:1001::/dev/null:/etc
    ftp:x:135:146:ftp daemon,,,:/srv/ftp:/usr/sbin/nologin
    vu:x:1002:1002:,,,:/home/vu:/bin/bash
    redis:x:136:147::/var/lib/redis:/usr/sbin/nologin
[+] Current User
    root
[+] Current User ID
    uid=0(root) gid=0(root) groups=0(root),4(adm),20(dialout),120(wireshark),143(kaboxer)

[!] ARE YOU SURE YOU'RE NOT ROOT ALREADY?

